<?xml version="1.0" encoding="UTF-8"?>
<testng-results ignored="0" total="3" passed="3" failed="0" skipped="0">
  <reporter-output>
    <line>
      <![CDATA[Browser Opened]]>
    </line>
    <line>
      <![CDATA[URL launched]]>
    </line>
    <line>
      <![CDATA[Browser window maximized]]>
    </line>
    <line>
      <![CDATA[Clicked on user icon]]>
    </line>
    <line>
      <![CDATA[Clicked on username]]>
    </line>
    <line>
      <![CDATA[Clicked on password]]>
    </line>
    <line>
      <![CDATA[Clicked on Sign-in button]]>
    </line>
    <line>
      <![CDATA[Read the title]]>
    </line>
    <line>
      <![CDATA[Login failed]]>
    </line>
    <line>
      <![CDATA[Browser Opened]]>
    </line>
    <line>
      <![CDATA[URL launched]]>
    </line>
    <line>
      <![CDATA[Browser window maximized]]>
    </line>
    <line>
      <![CDATA[Clicked on user icon]]>
    </line>
    <line>
      <![CDATA[Clicked on username]]>
    </line>
    <line>
      <![CDATA[Clicked on password]]>
    </line>
    <line>
      <![CDATA[Clicked on Sign-in button]]>
    </line>
    <line>
      <![CDATA[Read the title]]>
    </line>
    <line>
      <![CDATA[Login failed]]>
    </line>
    <line>
      <![CDATA[Browser Opened]]>
    </line>
    <line>
      <![CDATA[URL launched]]>
    </line>
    <line>
      <![CDATA[Browser window maximized]]>
    </line>
    <line>
      <![CDATA[Clicked on user icon]]>
    </line>
    <line>
      <![CDATA[Clicked on username]]>
    </line>
    <line>
      <![CDATA[Clicked on password]]>
    </line>
    <line>
      <![CDATA[Clicked on Sign-in button]]>
    </line>
    <line>
      <![CDATA[Read the title]]>
    </line>
    <line>
      <![CDATA[Login failed]]>
    </line>
  </reporter-output>
  <suite started-at="2026-09-10T10:16:37 CEST" name="Default suite" finished-at="2026-09-10T10:19:34 CEST" duration-ms="177612">
    <groups>
    </groups>
    <test started-at="2026-09-10T10:16:37 CEST" name="Default test" finished-at="2026-09-10T10:19:34 CEST" duration-ms="177612">
      <class name="basicTestNG.Reporter_Example">
        <test-method signature="login(java.lang.String,java.lang.String)[pri:0, instance:basicTestNG.Reporter_Example@65fb9ffc]" started-at="2026-09-10T10:16:37 CEST" name="login" data-provider="newdataprovider" finished-at="2026-09-10T10:18:34 CEST" duration-ms="116992" status="PASS">
          <params>
            <param index="0">
              <value>
                <![CDATA[testuser1205]]>
              </value>
            </param>
            <param index="1">
              <value>
                <![CDATA[Random123]]>
              </value>
            </param>
          </params>
          <reporter-output>
            <line>
              <![CDATA[Browser Opened]]>
            </line>
            <line>
              <![CDATA[URL launched]]>
            </line>
            <line>
              <![CDATA[Browser window maximized]]>
            </line>
            <line>
              <![CDATA[Clicked on user icon]]>
            </line>
            <line>
              <![CDATA[Clicked on username]]>
            </line>
            <line>
              <![CDATA[Clicked on password]]>
            </line>
            <line>
              <![CDATA[Clicked on Sign-in button]]>
            </line>
            <line>
              <![CDATA[Read the title]]>
            </line>
            <line>
              <![CDATA[Login failed]]>
            </line>
          </reporter-output>
        </test-method> <!-- login -->
        <test-method signature="login(java.lang.String,java.lang.String)[pri:0, instance:basicTestNG.Reporter_Example@65fb9ffc]" started-at="2026-09-10T10:18:34 CEST" name="login" data-provider="newdataprovider" finished-at="2026-09-10T10:19:06 CEST" duration-ms="32768" status="PASS">
          <params>
            <param index="0">
              <value>
                <![CDATA[testuser125]]>
              </value>
            </param>
            <param index="1">
              <value>
                <![CDATA[Random123]]>
              </value>
            </param>
          </params>
          <reporter-output>
            <line>
              <![CDATA[Browser Opened]]>
            </line>
            <line>
              <![CDATA[URL launched]]>
            </line>
            <line>
              <![CDATA[Browser window maximized]]>
            </line>
            <line>
              <![CDATA[Clicked on user icon]]>
            </line>
            <line>
              <![CDATA[Clicked on username]]>
            </line>
            <line>
              <![CDATA[Clicked on password]]>
            </line>
            <line>
              <![CDATA[Clicked on Sign-in button]]>
            </line>
            <line>
              <![CDATA[Read the title]]>
            </line>
            <line>
              <![CDATA[Login failed]]>
            </line>
          </reporter-output>
        </test-method> <!-- login -->
        <test-method signature="login(java.lang.String,java.lang.String)[pri:0, instance:basicTestNG.Reporter_Example@65fb9ffc]" started-at="2026-09-10T10:19:06 CEST" name="login" data-provider="newdataprovider" finished-at="2026-09-10T10:19:34 CEST" duration-ms="27815" status="PASS">
          <params>
            <param index="0">
              <value>
                <![CDATA[testuser120]]>
              </value>
            </param>
            <param index="1">
              <value>
                <![CDATA[Random123]]>
              </value>
            </param>
          </params>
          <reporter-output>
            <line>
              <![CDATA[Browser Opened]]>
            </line>
            <line>
              <![CDATA[URL launched]]>
            </line>
            <line>
              <![CDATA[Browser window maximized]]>
            </line>
            <line>
              <![CDATA[Clicked on user icon]]>
            </line>
            <line>
              <![CDATA[Clicked on username]]>
            </line>
            <line>
              <![CDATA[Clicked on password]]>
            </line>
            <line>
              <![CDATA[Clicked on Sign-in button]]>
            </line>
            <line>
              <![CDATA[Read the title]]>
            </line>
            <line>
              <![CDATA[Login failed]]>
            </line>
          </reporter-output>
        </test-method> <!-- login -->
      </class> <!-- basicTestNG.Reporter_Example -->
    </test> <!-- Default test -->
  </suite> <!-- Default suite -->
</testng-results>
