<?xml version="1.0" encoding="UTF-8"?>
<!-- Generated by org.testng.reporters.JUnitXMLReporter -->
<testsuite ignored="3" hostname="IT12" failures="0" tests="3" name="Grouptest" time="0.056" errors="0" timestamp="2026-08-19T19:26:55 CEST">
  <testcase classname="basicTestNG.Testcase_Grouping" name="test1" time="0.01"/>
  <testcase classname="basicTestNG.Testcase_Grouping" name="test2" time="0.001"/>
  <testcase classname="basicTestNG.Testcase_Grouping" name="test3" time="0.001"/>
  <testcase classname="basicTestNG.Testcase_Grouping" name="test6" time="0.0">
    <ignored/>
  </testcase> <!-- test6 -->
  <testcase classname="basicTestNG.Testcase_Grouping" name="test4" time="0.0">
    <ignored/>
  </testcase> <!-- test4 -->
  <testcase classname="basicTestNG.Testcase_Grouping" name="test5" time="0.0">
    <ignored/>
  </testcase> <!-- test5 -->
</testsuite> <!-- Grouptest -->
