<?xml version="1.0" encoding="UTF-8"?>
<!-- Generated by org.testng.reporters.JUnitXMLReporter -->
<testsuite ignored="0" hostname="IT12" failures="0" tests="3" name="Regression1" time="0.051" errors="0" timestamp="2026-08-25T21:52:19 CEST">
  <testcase classname="basicTestNG.Parameterization_Xmlfile" name="parameter" time="0.008"/>
  <testcase classname="basicTestNG.Parameterization_Xmlfile" name="parameter1" time="0.002"/>
  <testcase classname="basicTestNG.Parameterization_Xmlfile" name="parameter2" time="0.001"/>
</testsuite> <!-- Regression1 -->
