<?xml version="1.0" encoding="UTF-8"?>
<!-- Generated by org.testng.reporters.JUnitXMLReporter -->
<testsuite ignored="1" hostname="IT12" failures="0" tests="13" name="Regression1" time="55.447" errors="0" timestamp="2026-08-19T18:48:33 CEST">
  <testcase classname="basicTestNG.Annotations_atBeforeAfterMETHOD" name="login" time="0.004"/>
  <testcase classname="basicTestNG.Annotations_atBeforeAfterMETHOD" name="inbox" time="0.001"/>
  <testcase classname="basicTestNG.Annotations_atBeforeAfterTEST" name="login" time="0.0"/>
  <testcase classname="basicTestNG.Annotations_atBeforeAfterTEST" name="inbox" time="0.001"/>
  <testcase classname="basicTestNG.Annotations_atBeforeAfterTEST" name="compose" time="0.002"/>
  <testcase classname="basicTestNG.Annotations_atTest" name="login" time="0.0"/>
  <testcase classname="basicTestNG.Annotations_atTest" name="inbox" time="0.001"/>
  <testcase classname="basicTestNG.Annotations_atTest" name="compose" time="0.001"/>
  <testcase classname="basicTestNG.Assertions_Hard" name="test1" time="6.423"/>
  <testcase classname="basicTestNG.Assertions_Soft" name="test1" time="5.801"/>
  <testcase classname="basicTestNG.Assertions_Soft" name="test2" time="0.001"/>
  <testcase classname="basicTestNG.TestNG_Selenium_Example" name="advantage" time="3.647"/>
  <testcase classname="basicTestNG.TestNG_Selenium_Example" name="easemytrip" time="37.842"/>
  <testcase classname="basicTestNG.Annotations_atBeforeAfterMETHOD" name="compose" time="0.0">
    <ignored/>
  </testcase> <!-- compose -->
</testsuite> <!-- Regression1 -->
