<?xml version="1.0" encoding="UTF-8"?>
<testng-results ignored="0" total="3" passed="3" failed="0" skipped="0">
  <reporter-output>
  </reporter-output>
  <suite started-at="2026-08-17T21:29:06 CEST" name="Default suite" finished-at="2026-08-17T21:29:06 CEST" duration-ms="53">
    <groups>
    </groups>
    <test started-at="2026-08-17T21:29:06 CEST" name="Default test" finished-at="2026-08-17T21:29:06 CEST" duration-ms="53">
      <class name="basicTestNG.Annotations_atTest">
        <test-method signature="login()[pri:0, instance:basicTestNG.Annotations_atTest@6302bbb1]" started-at="2026-08-17T21:29:06 CEST" name="login" finished-at="2026-08-17T21:29:06 CEST" duration-ms="10" status="PASS">
          <reporter-output>
          </reporter-output>
        </test-method> <!-- login -->
        <test-method signature="inbox()[pri:1, instance:basicTestNG.Annotations_atTest@6302bbb1]" started-at="2026-08-17T21:29:06 CEST" name="inbox" finished-at="2026-08-17T21:29:06 CEST" duration-ms="0" status="PASS">
          <reporter-output>
          </reporter-output>
        </test-method> <!-- inbox -->
        <test-method signature="compose()[pri:2, instance:basicTestNG.Annotations_atTest@6302bbb1]" started-at="2026-08-17T21:29:06 CEST" name="compose" finished-at="2026-08-17T21:29:06 CEST" duration-ms="2" status="PASS">
          <reporter-output>
          </reporter-output>
        </test-method> <!-- compose -->
      </class> <!-- basicTestNG.Annotations_atTest -->
    </test> <!-- Default test -->
  </suite> <!-- Default suite -->
</testng-results>
