<?xml version="1.0" encoding="UTF-8"?>
<testng-results ignored="3" total="6" passed="3" failed="0" skipped="0">
  <reporter-output>
  </reporter-output>
  <suite started-at="2026-08-19T19:26:55 CEST" name="Suite1" finished-at="2026-08-19T19:26:55 CEST" duration-ms="56">
    <groups>
      <group name="inbox">
        <method signature="Testcase_Grouping.test1()[pri:0, instance:basicTestNG.Testcase_Grouping@55b699ef]" name="test1" class="basicTestNG.Testcase_Grouping"/>
        <method signature="Testcase_Grouping.test2()[pri:0, instance:basicTestNG.Testcase_Grouping@55b699ef]" name="test2" class="basicTestNG.Testcase_Grouping"/>
        <method signature="Testcase_Grouping.test3()[pri:0, instance:basicTestNG.Testcase_Grouping@55b699ef]" name="test3" class="basicTestNG.Testcase_Grouping"/>
      </group> <!-- inbox -->
    </groups>
    <test started-at="2026-08-19T19:26:55 CEST" name="Grouptest" finished-at="2026-08-19T19:26:55 CEST" duration-ms="56">
      <class name="basicTestNG.Testcase_Grouping">
        <test-method signature="test1()[pri:0, instance:basicTestNG.Testcase_Grouping@55b699ef]" started-at="2026-08-19T19:26:55 CEST" name="test1" finished-at="2026-08-19T19:26:55 CEST" duration-ms="10" status="PASS">
          <reporter-output>
          </reporter-output>
        </test-method> <!-- test1 -->
        <test-method signature="test2()[pri:0, instance:basicTestNG.Testcase_Grouping@55b699ef]" started-at="2026-08-19T19:26:55 CEST" name="test2" finished-at="2026-08-19T19:26:55 CEST" duration-ms="1" status="PASS">
          <reporter-output>
          </reporter-output>
        </test-method> <!-- test2 -->
        <test-method signature="test3()[pri:0, instance:basicTestNG.Testcase_Grouping@55b699ef]" started-at="2026-08-19T19:26:55 CEST" name="test3" finished-at="2026-08-19T19:26:55 CEST" duration-ms="1" status="PASS">
          <reporter-output>
          </reporter-output>
        </test-method> <!-- test3 -->
      </class> <!-- basicTestNG.Testcase_Grouping -->
    </test> <!-- Grouptest -->
  </suite> <!-- Suite1 -->
</testng-results>
