<?xml version="1.0" encoding="UTF-8"?>
<!-- Generated by org.testng.reporters.JUnitReportReporter -->
<testsuite hostname="IT12" failures="0" tests="3" name="basicTestNG.Parameterization_Dataprovider" time="0.009" errors="0" timestamp="2026-08-26T13:32:47 CEST" skipped="0">
  <testcase classname="basicTestNG.Parameterization_Dataprovider" name="test1" time="0.000"/>
  <testcase classname="basicTestNG.Parameterization_Dataprovider" name="test1" time="0.008"/>
  <testcase classname="basicTestNG.Parameterization_Dataprovider" name="test1" time="0.001"/>
</testsuite> <!-- basicTestNG.Parameterization_Dataprovider -->
