<?xml version="1.0" encoding="UTF-8"?>
<!-- Generated by org.testng.reporters.JUnitReportReporter -->
<testsuite hostname="IT12" failures="0" tests="3" name="basicTestNG.Parameterization_Xmlfile" time="0.011" errors="0" timestamp="2026-08-25T21:52:19 CEST" skipped="0">
  <testcase classname="basicTestNG.Parameterization_Xmlfile" name="parameter1" time="0.002"/>
  <testcase classname="basicTestNG.Parameterization_Xmlfile" name="parameter" time="0.008"/>
  <testcase classname="basicTestNG.Parameterization_Xmlfile" name="parameter2" time="0.001"/>
</testsuite> <!-- basicTestNG.Parameterization_Xmlfile -->
