<?xml version="1.0" encoding="UTF-8"?>
<!-- Generated by org.testng.reporters.JUnitReportReporter -->
<testsuite hostname="IT12" failures="0" tests="3" name="basicTestNG.Para_DataProv_Ex" time="78.472" errors="0" timestamp="2026-08-28T13:16:06 CEST" skipped="0">
  <testcase classname="basicTestNG.Para_DataProv_Ex" name="login" time="26.157"/>
  <testcase classname="basicTestNG.Para_DataProv_Ex" name="login" time="26.410"/>
  <testcase classname="basicTestNG.Para_DataProv_Ex" name="login" time="25.905"/>
</testsuite> <!-- basicTestNG.Para_DataProv_Ex -->
