<?xml version="1.0" encoding="UTF-8"?>
<!-- Generated by org.testng.reporters.JUnitReportReporter -->
<testsuite hostname="IT12" failures="0" tests="3" name="basicTestNG.Reporter_Example" time="177.575" errors="0" timestamp="2026-09-10T10:19:34 CEST" skipped="0">
  <testcase classname="basicTestNG.Reporter_Example" name="login" time="32.768">
    <system-out>
      <![CDATA[Browser Opened
URL launched
Browser window maximized
Clicked on user icon
Clicked on username
Clicked on password
Clicked on Sign-in button
Read the title
Login failed]]>
    </system-out>
  </testcase> <!-- login -->
  <testcase classname="basicTestNG.Reporter_Example" name="login" time="27.815">
    <system-out>
      <![CDATA[Browser Opened
URL launched
Browser window maximized
Clicked on user icon
Clicked on username
Clicked on password
Clicked on Sign-in button
Read the title
Login failed]]>
    </system-out>
  </testcase> <!-- login -->
  <testcase classname="basicTestNG.Reporter_Example" name="login" time="116.992">
    <system-out>
      <![CDATA[Browser Opened
URL launched
Browser window maximized
Clicked on user icon
Clicked on username
Clicked on password
Clicked on Sign-in button
Read the title
Login failed]]>
    </system-out>
  </testcase> <!-- login -->
  <system-out>
    <![CDATA[Browser Opened
URL launched
Browser window maximized
Clicked on user icon
Clicked on username
Clicked on password
Clicked on Sign-in button
Read the title
Login failed
Browser Opened
URL launched
Browser window maximized
Clicked on user icon
Clicked on username
Clicked on password
Clicked on Sign-in button
Read the title
Login failed
Browser Opened
URL launched
Browser window maximized
Clicked on user icon
Clicked on username
Clicked on password
Clicked on Sign-in button
Read the title
Login failed]]>
  </system-out>
</testsuite> <!-- basicTestNG.Reporter_Example -->
