<?xml version="1.0" encoding="UTF-8"?>
<!-- Generated by org.testng.reporters.JUnitXMLReporter -->
<testsuite ignored="0" hostname="IT12" failures="0" tests="3" name="Default test" time="78.508" errors="0" timestamp="2026-08-28T13:16:06 CEST">
  <testcase classname="basicTestNG.Para_DataProv_Ex" name="login" time="26.41"/>
  <testcase classname="basicTestNG.Para_DataProv_Ex" name="login" time="25.905"/>
  <testcase classname="basicTestNG.Para_DataProv_Ex" name="login" time="26.157"/>
</testsuite> <!-- Default test -->
