<?xml version="1.0" encoding="UTF-8"?>
<!-- Generated by org.testng.reporters.JUnitXMLReporter -->
<testsuite ignored="0" hostname="IT12" failures="0" tests="3" name="Default test" time="177.612" errors="0" timestamp="2026-09-10T10:19:34 CEST">
  <testcase classname="basicTestNG.Reporter_Example" name="login" time="116.992"/>
  <testcase classname="basicTestNG.Reporter_Example" name="login" time="32.768"/>
  <testcase classname="basicTestNG.Reporter_Example" name="login" time="27.815"/>
</testsuite> <!-- Default test -->
