<?xml version="1.0" encoding="UTF-8"?>
<!-- Generated by org.testng.reporters.JUnitReportReporter -->
<testsuite hostname="IT12" failures="0" tests="3" name="basicTestNG.Annotations_atBeforeAfterTEST" time="0.003" errors="0" timestamp="2026-08-19T18:48:33 CEST" skipped="0">
  <testcase classname="basicTestNG.Annotations_atBeforeAfterTEST" name="login" time="0.000"/>
  <testcase classname="basicTestNG.Annotations_atBeforeAfterTEST" name="inbox" time="0.001"/>
  <testcase classname="basicTestNG.Annotations_atBeforeAfterTEST" name="compose" time="0.002"/>
</testsuite> <!-- basicTestNG.Annotations_atBeforeAfterTEST -->
