<?xml version="1.0" encoding="UTF-8"?>
<!-- Generated by org.testng.reporters.JUnitReportReporter -->
<testsuite hostname="IT12" failures="0" tests="3" name="basicTestNG.Annotations_atTest" time="0.012" errors="0" timestamp="2026-08-17T21:29:06 CEST" skipped="0">
  <testcase classname="basicTestNG.Annotations_atTest" name="login" time="0.010"/>
  <testcase classname="basicTestNG.Annotations_atTest" name="inbox" time="0.000"/>
  <testcase classname="basicTestNG.Annotations_atTest" name="compose" time="0.002"/>
</testsuite> <!-- basicTestNG.Annotations_atTest -->
