<?xml version="1.0" encoding="UTF-8"?>
<!-- Generated by org.testng.reporters.JUnitReportReporter -->
<testsuite hostname="IT12" failures="0" tests="3" name="basicTestNG.Annotations_atBeforeAfterMETHOD" time="0.006" errors="0" timestamp="2026-08-19T18:48:34 CEST" skipped="1">
  <testcase classname="basicTestNG.Annotations_atBeforeAfterMETHOD" name="login" time="0.005"/>
  <testcase classname="basicTestNG.Annotations_atBeforeAfterMETHOD" name="inbox" time="0.001"/>
  <testcase classname="basicTestNG.Annotations_atBeforeAfterMETHOD" name="compose">
    <skipped/>
  </testcase> <!-- compose -->
</testsuite> <!-- basicTestNG.Annotations_atBeforeAfterMETHOD -->
