<?xml version="1.0" encoding="UTF-8"?>
<!-- Generated by org.testng.reporters.JUnitReportReporter -->
<testsuite hostname="IT12" failures="0" tests="2" name="basicTestNG.TestNG_Selenium_Example" time="9.065" errors="0" timestamp="2026-08-18T22:17:51 CEST" skipped="0">
  <testcase classname="basicTestNG.TestNG_Selenium_Example" name="easemytrip" time="6.913"/>
  <testcase classname="basicTestNG.TestNG_Selenium_Example" name="advantage" time="2.152"/>
</testsuite> <!-- basicTestNG.TestNG_Selenium_Example -->
