<?xml version="1.0" encoding="UTF-8"?>
<!-- Generated by org.testng.reporters.JUnitReportReporter -->
<testsuite hostname="IT12" failures="0" tests="3" name="basicTestNG.Annotations_atBeforeAfter" time="0.009" errors="0" timestamp="2026-08-18T20:53:49 CEST" skipped="0">
  <testcase classname="basicTestNG.Annotations_atBeforeAfter" name="login" time="0.005"/>
  <testcase classname="basicTestNG.Annotations_atBeforeAfter" name="inbox" time="0.002"/>
  <testcase classname="basicTestNG.Annotations_atBeforeAfter" name="compose" time="0.002"/>
</testsuite> <!-- basicTestNG.Annotations_atBeforeAfter -->
