<?xml version="1.0" encoding="UTF-8"?>
<!-- Generated by org.testng.reporters.JUnitReportReporter -->
<testsuite hostname="IT12" failures="0" tests="3" name="basicTestNG.Annotations_atBeforeAfterMETHOD" time="0.011" errors="0" timestamp="2026-08-18T21:06:00 CEST" skipped="0">
  <testcase classname="basicTestNG.Annotations_atBeforeAfterMETHOD" name="login" time="0.006"/>
  <testcase classname="basicTestNG.Annotations_atBeforeAfterMETHOD" name="inbox" time="0.003"/>
  <testcase classname="basicTestNG.Annotations_atBeforeAfterMETHOD" name="compose" time="0.002"/>
</testsuite> <!-- basicTestNG.Annotations_atBeforeAfterMETHOD -->
