<?xml version="1.0" encoding="UTF-8"?>
<!-- Generated by org.testng.reporters.JUnitReportReporter -->
<testsuite hostname="IT12" failures="0" tests="3" name="basicTestNG.Testcase_Grouping" time="0.012" errors="0" timestamp="2026-08-19T19:26:55 CEST" skipped="0">
  <testcase classname="basicTestNG.Testcase_Grouping" name="test3" time="0.001"/>
  <testcase classname="basicTestNG.Testcase_Grouping" name="test1" time="0.010"/>
  <testcase classname="basicTestNG.Testcase_Grouping" name="test2" time="0.001"/>
</testsuite> <!-- basicTestNG.Testcase_Grouping -->
