<?xml version="1.0" encoding="UTF-8"?>
<!-- Generated by org.testng.reporters.JUnitReportReporter -->
<testsuite hostname="IT12" failures="0" tests="3" name="basicTestNG.Invocation_Count" time="0.013" errors="0" timestamp="2026-08-28T13:19:50 CEST" skipped="0">
  <testcase classname="basicTestNG.Invocation_Count" name="test1" time="0.004"/>
  <testcase classname="basicTestNG.Invocation_Count" name="test1" time="0.001"/>
  <testcase classname="basicTestNG.Invocation_Count" name="test1" time="0.008"/>
</testsuite> <!-- basicTestNG.Invocation_Count -->
