<?xml version="1.0" encoding="UTF-8"?>
<!-- Generated by org.testng.reporters.JUnitReportReporter -->
<testsuite hostname="IT12" failures="0" tests="2" name="basicTestNG.TestNG_Selenium_Example" time="43.140" errors="0" timestamp="2026-08-19T18:48:33 CEST" skipped="0">
  <testcase classname="basicTestNG.TestNG_Selenium_Example" name="easemytrip" time="38.690"/>
  <testcase classname="basicTestNG.TestNG_Selenium_Example" name="advantage" time="4.450"/>
</testsuite> <!-- basicTestNG.TestNG_Selenium_Example -->
