<?xml version="1.0" encoding="UTF-8"?>
<!-- Generated by org.testng.reporters.JUnitReportReporter -->
<testsuite hostname="IT12" failures="0" tests="3" name="basicTestNG.Parameterization_Dataprovider" time="0.011" errors="0" timestamp="2026-08-25T22:33:27 CEST" skipped="0">
  <testcase classname="basicTestNG.Parameterization_Dataprovider" name="test1" time="0.000"/>
  <testcase classname="basicTestNG.Parameterization_Dataprovider" name="test1" time="0.010"/>
  <testcase classname="basicTestNG.Parameterization_Dataprovider" name="test1" time="0.001"/>
</testsuite> <!-- basicTestNG.Parameterization_Dataprovider -->
